INFO:Child:A Newborn Child ^_^: Zion Yair will be born at 27.6.2033
INFO:Child:Orit will have 1 kids

INFO:Child:A Newborn Child ^_^: Chanoch Yair will be born at 28.6.2039
INFO:Child:A Newborn Child ^_^: Daniel Yair will be born at 29.11.2038
INFO:Child:A Newborn Child ^_^: Jonathan Yair will be born at 4.8.2031
INFO:Child:A Newborn Child ^_^: Itzik Yair will be born at 4.12.2039
INFO:orits_children_index:A Newborn Child ^_^: Gal Yair will be born at 25.7.2032
INFO:orits_children_index:A Newborn Child ^_^: Haim Yair will be born at 8.9.2025
INFO:orits_children_index:A Newborn Child ^_^: Kobi Yair will be born at 5.12.2036
INFO:orits_children_index:A Newborn Child ^_^: Yitzhak Yair will be born at 18.8.2034
INFO:orits_children_index:A Newborn Child ^_^: Daniel Yair will be born at 23.6.2030
INFO:orits_children_index:A Newborn Child ^_^: Chanoch Yair will be born at 5.4.2021
INFO:orits_children_index:A Newborn Child ^_^: Yitzhak Yair will be born at 5.9.2030
INFO:orits_children_index:A Newborn Child ^_^: Ofer Yair will be born at 22.8.2040
INFO:Child:A Newborn Child ^_^: Adam Yair will be born at 4.2.2035
INFO:Child:A Newborn Child ^_^: Haim Yair will be born at 16.1.2023
INFO:Child:A Newborn Child ^_^: Zvi Yair will be born at 13.7.2031
INFO:Child:A Newborn Child ^_^: Itay Yair will be born at 1.10.2024
INFO:Child:A Newborn Child ^_^: Chanoch Yair will be born at 17.6.2040
INFO:Child:A Newborn Child ^_^: Adam Yair will be born at 8.7.2024
INFO:Child:A Newborn Child ^_^: Itzik Yair will be born at 26.5.2036
INFO:Child:A Newborn Child ^_^: Omri Yair will be born at 4.8.2028
INFO:orits_children:A Newborn Child ^_^: Efraim Yair will be born at 4.8.2028
INFO:orits_children:A Newborn Child ^_^: Gal Yair will be born at 29.6.2027
INFO:orits_children:A Newborn Child ^_^: Yitzhak Yair will be born at 14.6.2039
INFO:orits_children:A Newborn Child ^_^: Ofer Yair will be born at 30.11.2025
INFO:orits_children:A Newborn Child ^_^: Yitzhak Yair will be born at 28.5.2034
INFO:orits_children:A Newborn Child ^_^: Adam Yair will be born at 29.10.2029
INFO:orits_children:A Newborn Child ^_^: Aharon Yair will be born at 11.2.2023
INFO:orits_children:A Newborn Child ^_^: Menny Yair will be born at 12.2.2031
INFO:orits_children:A Newborn Child ^_^: Omri Yair will be born at 9.5.2030
INFO:orits_children:A Newborn Child ^_^: Maor Yair will be born at 17.6.2038
INFO:orits_children:A Newborn Child ^_^: Daniel Yair will be born at 20.1.2035
INFO:orits_children:A Newborn Child ^_^: Efraim Yair will be born at 1.12.2025
INFO:orits_children:A Newborn Child ^_^: Zvi Yair will be born at 5.10.2026
INFO:orits_children:A Newborn Child ^_^: Maor Yair will be born at 5.2.2023
INFO:orits_children:A Newborn Child ^_^: Aharon Yair will be born at 31.5.2037
INFO:orits_children:A Newborn Child ^_^: Jonathan Yair will be born at 20.4.2023
INFO:orits_children:A Newborn Child ^_^: Chanoch Yair will be born at 8.8.2038
INFO:orits_children:A Newborn Child ^_^: Ben Yair will be born at 21.5.2021
INFO:orits_children:A Newborn Child ^_^: Jonathan Yair will be born at 28.4.2040
INFO:orits_children:A Newborn Child ^_^: Kobi Yair will be born at 5.9.2036
INFO:orits_children:A Newborn Child ^_^: Yitzhak Yair will be born at 15.6.2029
INFO:orits_children:A Newborn Child ^_^: Menny Yair will be born at 17.2.2026
INFO:orits_children:A Newborn Child ^_^: Gal Yair will be born at 15.9.2038
INFO:orits_children:A Newborn Child ^_^: Haim Yair will be born at 2.12.2028
INFO:orits_children:A Newborn Child ^_^: Kobi Yair will be born at 13.4.2029
INFO:orits_children:A Newborn Child ^_^: Aharon Yair will be born at 5.7.2029
INFO:orits_children:A Newborn Child ^_^: Daniel Yair will be born at 6.8.2032
INFO:orits_children:A Newborn Child ^_^: Jonathan Yair will be born at 10.11.2039
INFO:orits_children:A Newborn Child ^_^: Omri Yair will be born at 30.1.2032
INFO:orits_children:A Newborn Child ^_^: Menny Yair will be born at 27.3.2026
INFO:orits_children:A Newborn Child ^_^: Maor Yair will be born at 16.8.2022
INFO:orits_children:A Newborn Child ^_^: Asher Yair will be born at 19.12.2030
INFO:orits_children:A Newborn Child ^_^: Ben Yair will be born at 2.2.2031
INFO:orits_children:A Newborn Child ^_^: Kobi Yair will be born at 23.7.2036
INFO:orits_children:A Newborn Child ^_^: Maor Yair will be born at 28.7.2029
INFO:orits_children:A Newborn Child ^_^: Levi Yair will be born at 27.9.2038
INFO:orits_children:A Newborn Child ^_^: Zvi Yair will be born at 14.4.2025
INFO:orits_children:A Newborn Child ^_^: Ofek Yair will be born at 29.5.2030
A Newborn Child ^_^: Itzik Yair will be born at 23 . 12 . 2034
A Newborn Child ^_^: Dan Yair will be born at 25 . 9 . 2033
A Newborn Child ^_^: Efraim Yair will be born at 10 . 5 . 2024
A Newborn Child ^_^: Gal Yair will be born at 22 . 12 . 2035
A Newborn Child ^_^: Ben Yair will be born at 20 . 4 . 2023
A Newborn Child ^_^: Jonathan Yair will be born at 24 . 12 . 2040
A Newborn Child ^_^: Efraim Yair will be born at 1 . 11 . 2034
A Newborn Child ^_^: Haim Yair will be born at 6 . 7 . 2029
A Newborn Child ^_^: Aharon Yair will be born at 25 . 1 . 2037
A Newborn Child ^_^: Haim Yair will be born at 11 . 3 . 2037
A Newborn Child ^_^: Maor Yair will be born at 22 . 5 . 2027
A Newborn Child ^_^: Dan Yair will be born at 13 . 11 . 2023
A Newborn Child ^_^: Haim Yair will be born at 23 . 10 . 2036
A Newborn Child ^_^: Maor Yair will be born at 1 . 8 . 2034
A Newborn Child ^_^: Jonathan Yair will be born at 17 . 7 . 2031
A Newborn Child ^_^: Yitzhak Yair will be born at 31 . 1 . 2021
A Newborn Child ^_^: Adam Yair will be born at 28 . 9 . 2038
A Newborn Child ^_^: Zvi Yair will be born at 27 . 1 . 2024
A Newborn Child ^_^: Dan Yair will be born at 16 . 4 . 2040
A Newborn Child ^_^: Zion Yair will be born at 7 . 9 . 2036
A Newborn Child ^_^: Asher Yair will be born at 25 . 1 . 2026
A Newborn Child ^_^: Haim Yair will be born at 3 . 6 . 2025
A Newborn Child ^_^: Itzik Yair will be born at 17 . 6 . 2029
A Newborn Child ^_^: Ben Yair will be born at 30 . 4 . 2040
A Newborn Child ^_^: Chanoch Yair will be born at 5 . 3 . 2036
A Newborn Child ^_^: Zion Yair will be born at 27 . 10 . 2033
A Newborn Child ^_^: Itzik Yair will be born at 1 . 10 . 2031
A Newborn Child ^_^: Ofek Yair will be born at 7 . 7 . 2026
A Newborn Child ^_^: Daniel Yair will be born at 12 . 11 . 2027
A Newborn Child ^_^: Maor Yair will be born at 28 . 10 . 2028
A Newborn Child ^_^: Gal Yair will be born at 18 . 8 . 2032
A Newborn Child ^_^: Aharon Yair will be born at 28 . 6 . 2026
A Newborn Child ^_^: Daniel Yair will be born at 9 . 2 . 2038
A Newborn Child ^_^: Itzik Yair will be born at 24 . 10 . 2027
A Newborn Child ^_^: Asher Yair will be born at 24 . 1 . 2024
A Newborn Child ^_^: Haim Yair will be born at 8 . 7 . 2029
A Newborn Child ^_^: Maor Yair will be born at 3 . 12 . 2039
A Newborn Child ^_^: Dan Yair will be born at 12 . 7 . 2025
A Newborn Child ^_^: Asher Yair will be born at 31 . 5 . 2037
A Newborn Child ^_^: Menny Yair will be born at 12 . 8 . 2040
A Newborn Child ^_^: Efraim Yair will be born at 18 . 5 . 2032
A Newborn Child ^_^: Daniel Yair will be born at 13 . 4 . 2037
A Newborn Child ^_^: Maor Yair will be born at 29 . 11 . 2027
A Newborn Child ^_^: Ben Yair will be born at 25 . 5 . 2035
A Newborn Child ^_^: Dan Yair will be born at 17 . 4 . 2025
A Newborn Child ^_^: Itzik Yair will be born at 15 . 12 . 2022
A Newborn Child ^_^: Adam Yair will be born at 1 . 7 . 2036
A Newborn Child ^_^: Levi Yair will be born at 8 . 7 . 2036
A Newborn Child ^_^: Yitzhak Yair will be born at 23 . 7 . 2035
A Newborn Child ^_^: Aharon Yair will be born at 9 . 1 . 2029
A Newborn Child ^_^: Chanoch Yair will be born at 3 . 12 . 2023
A Newborn Child ^_^: Itay Yair will be born at 9 . 9 . 2033
A Newborn Child ^_^: Asher Yair will be born at 10 . 2 . 2027
A Newborn Child ^_^: Haim Yair will be born at 3 . 10 . 2030
A Newborn Child ^_^: Zion Yair will be born at 8 . 6 . 2024
A Newborn Child ^_^: Dan Yair will be born at 4 . 4 . 2028
A Newborn Child ^_^: Itay Yair will be born at 3 . 6 . 2034
A Newborn Child ^_^: Omri Yair will be born at 9 . 1 . 2036
A Newborn Child ^_^: Asher Yair will be born at 5 . 2 . 2023
A Newborn Child ^_^: Asher Yair will be born at 30 . 4 . 2026
A Newborn Child ^_^: Yitzhak Yair will be born at 9 . 7 . 2025
A Newborn Child ^_^: Dan Yair will be born at 13 . 12 . 2038
A Newborn Child ^_^: Haim Yair will be born at 11 . 8 . 2032
A Newborn Child ^_^: Itay Yair will be born at 2 . 6 . 2031
A Newborn Child ^_^: Efraim Yair will be born at 5 . 11 . 2038
A Newborn Child ^_^: Ofer Yair will be born at 15 . 8 . 2034
A Newborn Child ^_^: Omri Yair will be born at 3 . 1 . 2023
A Newborn Child ^_^: Itzik Yair will be born at 25 . 6 . 2026
A Newborn Child ^_^: Gal Yair will be born at 14 . 1 . 2038
A Newborn Child ^_^: Daniel Yair will be born at 16 . 12 . 2021
A Newborn Child ^_^: Maor Yair will be born at 13 . 8 . 2035
A Newborn Child ^_^: Yitzhak Yair will be born at 20 . 4 . 2022
A Newborn Child ^_^: Itay Yair will be born at 8 . 5 . 2028
A Newborn Child ^_^: Haim Yair will be born at 5 . 2 . 2031
A Newborn Child ^_^: Menny Yair will be born at 25 . 8 . 2021
A Newborn Child ^_^: Maor Yair will be born at 22 . 9 . 2030
A Newborn Child ^_^: Levi Yair will be born at 5 . 1 . 2028
A Newborn Child ^_^: Aharon Yair will be born at 20 . 9 . 2032
A Newborn Child ^_^: Itay Yair will be born at 7 . 8 . 2034
A Newborn Child ^_^: Ofek Yair will be born at 13 . 9 . 2035
A Newborn Child ^_^: Chanoch Yair will be born at 21 . 11 . 2035
A Newborn Child ^_^: Efraim Yair will be born at 24 . 12 . 2033
A Newborn Child ^_^: Zvi Yair will be born at 12 . 12 . 2024
A Newborn Child ^_^: Zion Yair will be born at 20 . 9 . 2024
A Newborn Child ^_^: Jonathan Yair will be born at 15 . 7 . 2033
A Newborn Child ^_^: Efraim Yair will be born at 3 . 4 . 2038
A Newborn Child ^_^: Zion Yair will be born at 8 . 12 . 2025
A Newborn Child ^_^: Levi Yair will be born at 11 . 7 . 2032
A Newborn Child ^_^: Aharon Yair will be born at 7 . 11 . 2035
A Newborn Child ^_^: Yitzhak Yair will be born at 4 . 5 . 2040
A Newborn Child ^_^: Omri Yair will be born at 30 . 7 . 2025
A Newborn Child ^_^: Yitzhak Yair will be born at 1 . 2 . 2030
A Newborn Child ^_^: Maor Yair will be born at 4 . 1 . 2024
A Newborn Child ^_^: Jonathan Yair will be born at 18 . 11 . 2040
A Newborn Child ^_^: Chanoch Yair will be born at 7 . 8 . 2036
A Newborn Child ^_^: Kobi Yair will be born at 26 . 11 . 2037
A Newborn Child ^_^: Aharon Yair will be born at 1 . 10 . 2036
A Newborn Child ^_^: Ofek Yair will be born at 4 . 4 . 2027
A Newborn Child ^_^: Gal Yair will be born at 28 . 6 . 2026
A Newborn Child ^_^: Maor Yair will be born at 9 . 2 . 2026
A Newborn Child ^_^: Haim Yair will be born at 7 . 11 . 2037
A Newborn Child ^_^: Ofer Yair will be born at 21 . 8 . 2040
A Newborn Child ^_^: Chanoch Yair will be born at 12 . 8 . 2024
A Newborn Child ^_^: Zion Yair will be born at 1 . 11 . 2037
A Newborn Child ^_^: Efraim Yair will be born at 1 . 4 . 2030
A Newborn Child ^_^: Efraim Yair will be born at 27 . 5 . 2036
A Newborn Child ^_^: Levi Yair will be born at 16 . 11 . 2030
A Newborn Child ^_^: Adam Yair will be born at 13 . 11 . 2028
A Newborn Child ^_^: Jonathan Yair will be born at 16 . 3 . 2021
A Newborn Child ^_^: Itay Yair will be born at 3 . 6 . 2040
A Newborn Child ^_^: Itay Yair will be born at 26 . 10 . 2036
A Newborn Child ^_^: Zvi Yair will be born at 29 . 2 . 2029
A Newborn Child ^_^: Maor Yair will be born at 14 . 11 . 2028
A Newborn Child ^_^: Ofek Yair will be born at 4 . 10 . 2035
A Newborn Child ^_^: Menny Yair will be born at 12 . 2 . 2022
A Newborn Child ^_^: Levi Yair will be born at 14 . 9 . 2040
A Newborn Child ^_^: Kobi Yair will be born at 5 . 8 . 2021
A Newborn Child ^_^: Adam Yair will be born at 5 . 3 . 2031
A Newborn Child ^_^: Levi Yair will be born at 9 . 4 . 2024
A Newborn Child ^_^: Yitzhak Yair will be born at 23 . 7 . 2035
A Newborn Child ^_^: Dan Yair will be born at 20 . 6 . 2037
A Newborn Child ^_^: Aharon Yair will be born at 23 . 10 . 2034
A Newborn Child ^_^: Adam Yair will be born at 22 . 8 . 2029
A Newborn Child ^_^: Itay Yair will be born at 30 . 7 . 2025
A Newborn Child ^_^: Asher Yair will be born at 26 . 10 . 2024
A Newborn Child ^_^: Ben Yair will be born at 22 . 5 . 2025
A Newborn Child ^_^: Ofek Yair will be born at 28 . 10 . 2028
A Newborn Child ^_^: Yitzhak Yair will be born at 9 . 5 . 2037
A Newborn Child ^_^: Gal Yair will be born at 24 . 4 . 2022
A Newborn Child ^_^: Kobi Yair will be born at 16 . 10 . 2038
A Newborn Child ^_^: Menny Yair will be born at 3 . 3 . 2021
A Newborn Child ^_^: Ben Yair will be born at 11 . 12 . 2037
A Newborn Child ^_^: Aharon Yair will be born at 23 . 6 . 2026
A Newborn Child ^_^: Itzik Yair will be born at 9 . 3 . 2027
A Newborn Child ^_^: Menny Yair will be born at 24 . 6 . 2037
A Newborn Child ^_^: Ben Yair will be born at 1 . 5 . 2032
A Newborn Child ^_^: Aharon Yair will be born at 15 . 11 . 2038
A Newborn Child ^_^: Kobi Yair will be born at 18 . 1 . 2029
A Newborn Child ^_^: Itay Yair will be born at 18 . 11 . 2035
A Newborn Child ^_^: Aharon Yair will be born at 16 . 10 . 2021
A Newborn Child ^_^: Omri Yair will be born at 4 . 12 . 2029
A Newborn Child ^_^: Yitzhak Yair will be born at 7 . 1 . 2033
A Newborn Child ^_^: Chanoch Yair will be born at 25 . 11 . 2035
A Newborn Child ^_^: Ofek Yair will be born at 30 . 1 . 2024
A Newborn Child ^_^: Aharon Yair will be born at 14 . 6 . 2036
A Newborn Child ^_^: Itzik Yair will be born at 22 . 11 . 2027
A Newborn Child ^_^: Kobi Yair will be born at 18 . 10 . 2036
A Newborn Child ^_^: Maor Yair will be born at 4 . 4 . 2033
A Newborn Child ^_^: Aharon Yair will be born at 20 . 2 . 2034
A Newborn Child ^_^: Daniel Yair will be born at 22 . 7 . 2023
A Newborn Child ^_^: Itay Yair will be born at 8 . 1 . 2025
A Newborn Child ^_^: Efraim Yair will be born at 13 . 12 . 2040
A Newborn Child ^_^: Ofek Yair will be born at 22 . 8 . 2034
A Newborn Child ^_^: Zvi Yair will be born at 9 . 7 . 2034
A Newborn Child ^_^: Haim Yair will be born at 18 . 9 . 2031
A Newborn Child ^_^: Chanoch Yair will be born at 31 . 5 . 2026
A Newborn Child ^_^: Gal Yair will be born at 19 . 2 . 2022
A Newborn Child ^_^: Menny Yair will be born at 29 . 1 . 2026
A Newborn Child ^_^: Kobi Yair will be born at 22 . 8 . 2028
A Newborn Child ^_^: Levi Yair will be born at 29 . 6 . 2039
A Newborn Child ^_^: Ofer Yair will be born at 3 . 2 . 2027
A Newborn Child ^_^: Maor Yair will be born at 20 . 4 . 2029
A Newborn Child ^_^: Omri Yair will be born at 9 . 7 . 2033
A Newborn Child ^_^: Jonathan Yair will be born at 6 . 5 . 2033
A Newborn Child ^_^: Zion Yair will be born at 27 . 3 . 2037
A Newborn Child ^_^: Ben Yair will be born at 18 . 10 . 2028
A Newborn Child ^_^: Yitzhak Yair will be born at 27 . 7 . 2031
A Newborn Child ^_^: Itzik Yair will be born at 3 . 12 . 2030
A Newborn Child ^_^: Chanoch Yair will be born at 2 . 12 . 2031
A Newborn Child ^_^: Maor Yair will be born at 16 . 1 . 2037
A Newborn Child ^_^: Kobi Yair will be born at 24 . 7 . 2038
A Newborn Child ^_^: Dan Yair will be born at 23 . 12 . 2035
A Newborn Child ^_^: Asher Yair will be born at 31 . 3 . 2032
A Newborn Child ^_^: Menny Yair will be born at 18 . 7 . 2027
A Newborn Child ^_^: Itzik Yair will be born at 26 . 2 . 2025
A Newborn Child ^_^: Jonathan Yair will be born at 17 . 11 . 2031
A Newborn Child ^_^: Zion Yair will be born at 28 . 6 . 2021
A Newborn Child ^_^: Yitzhak Yair will be born at 22 . 9 . 2037
A Newborn Child ^_^: Haim Yair will be born at 17 . 4 . 2028
A Newborn Child ^_^: Daniel Yair will be born at 28 . 8 . 2035
A Newborn Child ^_^: Levi Yair will be born at 19 . 5 . 2028
A Newborn Child ^_^: Efraim Yair will be born at 28 . 4 . 2031
A Newborn Child ^_^: Omri Yair will be born at 26 . 10 . 2029
A Newborn Child ^_^: Gal Yair will be born at 17 . 10 . 2037
A Newborn Child ^_^: Adam Yair will be born at 7 . 9 . 2034
A Newborn Child ^_^: Aharon Yair will be born at 17 . 2 . 2029
A Newborn Child ^_^: Zvi Yair will be born at 26 . 11 . 2033
A Newborn Child ^_^: Ben Yair will be born at 5 . 6 . 2038
A Newborn Child ^_^: Adam Yair will be born at 24 . 3 . 2032
A Newborn Child ^_^: Jonathan Yair will be born at 24 . 8 . 2033
A Newborn Child ^_^: Omri Yair will be born at 21 . 8 . 2031
A Newborn Child ^_^: Efraim Yair will be born at 20 . 8 . 2039
A Newborn Child ^_^: Levi Yair will be born at 22 . 7 . 2021
A Newborn Child ^_^: Zvi Yair will be born at 1 . 7 . 2038
A Newborn Child ^_^: Yitzhak Yair will be born at 11 . 3 . 2040
A Newborn Child ^_^: Gal Yair will be born at 5 . 11 . 2027
A Newborn Child ^_^: Aharon Yair will be born at 1 . 6 . 2034
A Newborn Child ^_^: Asher Yair will be born at 19 . 5 . 2032
A Newborn Child ^_^: Zion Yair will be born at 5 . 5 . 2033
A Newborn Child ^_^: Itzik Yair will be born at 26 . 10 . 2040
A Newborn Child ^_^: Ofer Yair will be born at 4 . 8 . 2036
A Newborn Child ^_^: Itay Yair will be born at 22 . 4 . 2040
A Newborn Child ^_^: Dan Yair will be born at 21 . 10 . 2031
A Newborn Child ^_^: Kobi Yair will be born at 27 . 5 . 2039
A Newborn Child ^_^: Maor Yair will be born at 23 . 8 . 2021
A Newborn Child ^_^: Menny Yair will be born at 9 . 11 . 2031
A Newborn Child ^_^: Ben Yair will be born at 3 . 6 . 2035
A Newborn Child ^_^: Ofek Yair will be born at 22 . 6 . 2022
A Newborn Child ^_^: Levi Yair will be born at 26 . 7 . 2038
A Newborn Child ^_^: Itzik Yair will be born at 17 . 1 . 2021
A Newborn Child ^_^: Menny Yair will be born at 15 . 11 . 2032
A Newborn Child ^_^: Adam Yair will be born at 31 . 8 . 2033
A Newborn Child ^_^: Dan Yair will be born at 13 . 5 . 2034
A Newborn Child ^_^: Daniel Yair will be born at 23 . 6 . 2040
A Newborn Child ^_^: Efraim Yair will be born at 12 . 8 . 2036
A Newborn Child ^_^: Aharon Yair will be born at 25 . 5 . 2021
A Newborn Child ^_^: Itay Yair will be born at 8 . 11 . 2037
A Newborn Child ^_^: Kobi Yair will be born at 17 . 9 . 2039
A Newborn Child ^_^: Gal Yair will be born at 29 . 12 . 2031
A Newborn Child ^_^: Maor Yair will be born at 12 . 4 . 2021
A Newborn Child ^_^: Chanoch Yair will be born at 11 . 12 . 2023
A Newborn Child ^_^: Asher Yair will be born at 3 . 9 . 2037
A Newborn Child ^_^: Ofer Yair will be born at 29 . 4 . 2026
A Newborn Child ^_^: Zion Yair will be born at 19 . 5 . 2028
A Newborn Child ^_^: Ben Yair will be born at 26 . 9 . 2031
A Newborn Child ^_^: Jonathan Yair will be born at 10 . 5 . 2027
A Newborn Child ^_^: Haim Yair will be born at 15 . 10 . 2033
A Newborn Child ^_^: Ofek Yair will be born at 27 . 1 . 2021
A Newborn Child ^_^: Omri Yair will be born at 29 . 3 . 2022
A Newborn Child ^_^: Itay Yair will be born at 6 . 3 . 2026
A Newborn Child ^_^: Menny Yair will be born at 26 . 12 . 2036
A Newborn Child ^_^: Zion Yair will be born at 21 . 6 . 2038
A Newborn Child ^_^: Dan Yair will be born at 23 . 10 . 2039
A Newborn Child ^_^: Zion Yair will be born at 28 . 12 . 2038
A Newborn Child ^_^: Ofer Yair will be born at 9 . 11 . 2022
A Newborn Child ^_^: Chanoch Yair will be born at 7 . 3 . 2023
A Newborn Child ^_^: Ben Yair will be born at 6 . 1 . 2037
A Newborn Child ^_^: Haim Yair will be born at 15 . 11 . 2031
A Newborn Child ^_^: Omri Yair will be born at 20 . 10 . 2028
A Newborn Child ^_^: Ben Yair will be born at 28 . 9 . 2030
A Newborn Child ^_^: Chanoch Yair will be born at 20 . 8 . 2036
A Newborn Child ^_^: Gal Yair will be born at 12 . 6 . 2021
A Newborn Child ^_^: Jonathan Yair will be born at 23 . 12 . 2040
A Newborn Child ^_^: Asher Yair will be born at 7 . 5 . 2039
A Newborn Child ^_^: Kobi Yair will be born at 2 . 3 . 2023
A Newborn Child ^_^: Kobi Yair will be born at 28 . 3 . 2021
A Newborn Child ^_^: Itay Yair will be born at 3 . 7 . 2025
A Newborn Child ^_^: Asher Yair will be born at 4 . 10 . 2023
A Newborn Child ^_^: Itzik Yair will be born at 18 . 7 . 2025
A Newborn Child ^_^: Ben Yair will be born at 11 . 4 . 2023
A Newborn Child ^_^: Menny Yair will be born at 19 . 10 . 2034
A Newborn Child ^_^: Chanoch Yair will be born at 25 . 6 . 2033
A Newborn Child ^_^: Kobi Yair will be born at 26 . 8 . 2029
A Newborn Child ^_^: Jonathan Yair will be born at 8 . 5 . 2032
A Newborn Child ^_^: Itzik Yair will be born at 10 . 4 . 2038
A Newborn Child ^_^: Adam Yair will be born at 21 . 3 . 2035
A Newborn Child ^_^: Ofek Yair will be born at 1 . 9 . 2030
A Newborn Child ^_^: Kobi Yair will be born at 13 . 3 . 2025
A Newborn Child ^_^: Ofer Yair will be born at 10 . 9 . 2023
A Newborn Child ^_^: Itay Yair will be born at 17 . 7 . 2038
A Newborn Child ^_^: Dan Yair will be born at 13 . 11 . 2028
A Newborn Child ^_^: Ofer Yair will be born at 11 . 4 . 2036
A Newborn Child ^_^: Asher Yair will be born at 11 . 6 . 2023
A Newborn Child ^_^: Chanoch Yair will be born at 19 . 10 . 2026
A Newborn Child ^_^: Levi Yair will be born at 26 . 12 . 2028
A Newborn Child ^_^: Ofer Yair will be born at 15 . 8 . 2039
A Newborn Child ^_^: Yitzhak Yair will be born at 8 . 12 . 2032
A Newborn Child ^_^: Aharon Yair will be born at 3 . 4 . 2026
A Newborn Child ^_^: Adam Yair will be born at 9 . 6 . 2034
A Newborn Child ^_^: Efraim Yair will be born at 29 . 3 . 2036
A Newborn Child ^_^: Zion Yair will be born at 23 . 8 . 2022
A Newborn Child ^_^: Menny Yair will be born at 12 . 9 . 2033
A Newborn Child ^_^: Asher Yair will be born at 8 . 1 . 2040
A Newborn Child ^_^: Adam Yair will be born at 13 . 5 . 2038
A Newborn Child ^_^: Ofer Yair will be born at 30 . 9 . 2035
A Newborn Child ^_^: Zion Yair will be born at 26 . 6 . 2036
A Newborn Child ^_^: Chanoch Yair will be born at 5 . 9 . 2040
A Newborn Child ^_^: Ben Yair will be born at 10 . 1 . 2040
A Newborn Child ^_^: Maor Yair will be born at 14 . 6 . 2037
A Newborn Child ^_^: Asher Yair will be born at 18 . 2 . 2037
A Newborn Child ^_^: Haim Yair will be born at 2 . 12 . 2038
A Newborn Child ^_^: Chanoch Yair will be born at 11 . 9 . 2023
A Newborn Child ^_^: Itay Yair will be born at 5 . 5 . 2029
A Newborn Child ^_^: Dan Yair will be born at 28 . 2 . 2035
A Newborn Child ^_^: Daniel Yair will be born at 7 . 3 . 2038
A Newborn Child ^_^: Kobi Yair will be born at 26 . 3 . 2034
A Newborn Child ^_^: Zvi Yair will be born at 12 . 9 . 2029
A Newborn Child ^_^: Daniel Yair will be born at 6 . 2 . 2034
A Newborn Child ^_^: Itzik Yair will be born at 11 . 6 . 2030
A Newborn Child ^_^: Itay Yair will be born at 6 . 1 . 2032
A Newborn Child ^_^: Levi Yair will be born at 1 . 1 . 2030
A Newborn Child ^_^: Efraim Yair will be born at 20 . 12 . 2027
A Newborn Child ^_^: Jonathan Yair will be born at 2 . 8 . 2030
A Newborn Child ^_^: Zion Yair will be born at 5 . 8 . 2028
A Newborn Child ^_^: Kobi Yair will be born at 5 . 11 . 2031
A Newborn Child ^_^: Omri Yair will be born at 11 . 3 . 2026
A Newborn Child ^_^: Aharon Yair will be born at 27 . 11 . 2024
A Newborn Child ^_^: Menny Yair will be born at 30 . 5 . 2030
A Newborn Child ^_^: Ofer Yair will be born at 31 . 5 . 2023
A Newborn Child ^_^: Yitzhak Yair will be born at 25 . 8 . 2037
A Newborn Child ^_^: Haim Yair will be born at 6 . 11 . 2027
A Newborn Child ^_^: Gal Yair will be born at 4 . 12 . 2028
